<?xml version="1.0" encoding="UTF-8"?>
<!-- Generated by org.testng.reporters.JUnitReportReporter -->
<testsuite skipped="0" hostname="QAPLANET-PC" name="HRM.LoginTest" tests="8" failures="0" timestamp="11 Dec 2019 05:29:03 GMT" time="56.904" errors="0">
  <testcase name="TC_1" time="14.805" classname="HRM.LoginTest"/>
  <testcase name="TC_2" time="8.604" classname="HRM.LoginTest"/>
  <testcase name="TC_3" time="5.052" classname="HRM.LoginTest"/>
  <testcase name="TC_4" time="5.902" classname="HRM.LoginTest"/>
  <testcase name="TC_5" time="4.114" classname="HRM.LoginTest"/>
  <testcase name="TC_6" time="4.212" classname="HRM.LoginTest"/>
  <testcase name="TC_7" time="4.033" classname="HRM.LoginTest"/>
  <testcase name="TC_8" time="10.182" classname="HRM.LoginTest"/>
</testsuite> <!-- HRM.LoginTest -->
