<?xml version="1.0" encoding="UTF-8"?>
<!-- Generated by org.testng.reporters.JUnitReportReporter -->
<testsuite name="HRM.LoginTest" tests="11" time="114.332" ignored="0" failures="0" timestamp="13 Dec 2019 10:10:22 GMT" skipped="0" hostname="QAPLANET-PC" errors="0">
  <testcase name="TC1_1" time="9.629" classname="HRM.LoginTest"/>
  <testcase name="TC1_11" time="9.919" classname="HRM.LoginTest"/>
  <testcase name="TC1_5" time="7.683" classname="HRM.LoginTest"/>
  <testcase name="TC1_10" time="14.425" classname="HRM.LoginTest"/>
  <testcase name="TC1_6" time="8.761" classname="HRM.LoginTest"/>
  <testcase name="TC1_9" time="18.264" classname="HRM.LoginTest"/>
  <testcase name="TC1_8" time="20.505" classname="HRM.LoginTest"/>
  <testcase name="TC1_7" time="5.050" classname="HRM.LoginTest"/>
  <testcase name="TC1_4" time="7.023" classname="HRM.LoginTest"/>
  <testcase name="TC1_3" time="4.397" classname="HRM.LoginTest"/>
  <testcase name="TC1_2" time="8.676" classname="HRM.LoginTest"/>
</testsuite> <!-- HRM.LoginTest -->
