<?xml version="1.0" encoding="UTF-8"?>
<!-- Generated by org.testng.reporters.JUnitReportReporter -->
<testsuite name="HRM.LoginTest" tests="11" time="106.285" ignored="0" failures="0" timestamp="16 Dec 2019 07:19:20 GMT" skipped="0" hostname="QAPLANET-PC" errors="0">
  <testcase name="TC1_1" time="9.455" classname="HRM.LoginTest"/>
  <testcase name="TC1_6" time="4.862" classname="HRM.LoginTest"/>
  <testcase name="TC1_11" time="10.118" classname="HRM.LoginTest"/>
  <testcase name="TC1_7" time="4.579" classname="HRM.LoginTest"/>
  <testcase name="TC1_10" time="13.975" classname="HRM.LoginTest"/>
  <testcase name="TC1_9" time="13.064" classname="HRM.LoginTest"/>
  <testcase name="TC1_5" time="4.103" classname="HRM.LoginTest"/>
  <testcase name="TC1_4" time="4.497" classname="HRM.LoginTest"/>
  <testcase name="TC1_2" time="8.730" classname="HRM.LoginTest"/>
  <testcase name="TC1_3" time="4.601" classname="HRM.LoginTest"/>
  <testcase name="TC1_8" time="28.301" classname="HRM.LoginTest"/>
</testsuite> <!-- HRM.LoginTest -->
