<?xml version="1.0" encoding="UTF-8"?>
<!-- Generated by org.testng.reporters.JUnitReportReporter -->
<testsuite name="HRM.adminTest" tests="15" time="230.703" ignored="0" failures="0" timestamp="13 Dec 2019 10:10:22 GMT" skipped="0" hostname="QAPLANET-PC" errors="0">
  <testcase name="TC2_1" time="17.433" classname="HRM.adminTest"/>
  <testcase name="TC2_6" time="16.141" classname="HRM.adminTest"/>
  <testcase name="TC2_14" time="15.396" classname="HRM.adminTest"/>
  <testcase name="TC2_3" time="14.829" classname="HRM.adminTest"/>
  <testcase name="TC2_12" time="15.435" classname="HRM.adminTest"/>
  <testcase name="TC2_13" time="14.167" classname="HRM.adminTest"/>
  <testcase name="TC2_9" time="15.144" classname="HRM.adminTest"/>
  <testcase name="TC2_7" time="14.271" classname="HRM.adminTest"/>
  <testcase name="TC2_4" time="17.902" classname="HRM.adminTest"/>
  <testcase name="TC2_2" time="13.957" classname="HRM.adminTest"/>
  <testcase name="TC2_5" time="17.424" classname="HRM.adminTest"/>
  <testcase name="TC2_10" time="14.696" classname="HRM.adminTest"/>
  <testcase name="TC2_15" time="14.229" classname="HRM.adminTest"/>
  <testcase name="TC2_8" time="14.594" classname="HRM.adminTest"/>
  <testcase name="TC2_11" time="15.085" classname="HRM.adminTest"/>
</testsuite> <!-- HRM.adminTest -->
