<?xml version="1.0" encoding="UTF-8"?>
<!-- Generated by org.testng.reporters.JUnitReportReporter -->
<testsuite name="HRM.NewTest" tests="1" time="12.062" ignored="0" failures="0" timestamp="14 Dec 2019 07:43:15 GMT" skipped="0" hostname="QAPLANET-PC" errors="0">
  <testcase name="b" time="12.062" classname="HRM.NewTest"/>
</testsuite> <!-- HRM.NewTest -->
