<?xml version="1.0" encoding="UTF-8"?>
<!-- Generated by org.testng.reporters.JUnitReportReporter -->
<testsuite name="HRM.DummyTest" tests="2" time="20.000" ignored="0" failures="0" timestamp="16 Dec 2019 06:05:45 GMT" skipped="0" hostname="QAPLANET-PC" errors="0">
  <testcase name="TC_1" time="11.465" classname="HRM.DummyTest"/>
  <testcase name="TC_1" time="8.535" classname="HRM.DummyTest"/>
</testsuite> <!-- HRM.DummyTest -->
