<?xml version="1.0" encoding="UTF-8"?>
<!-- Generated by org.testng.reporters.JUnitReportReporter -->
<testsuite name="HRM.dummyTest" tests="1" time="14.581" ignored="0" failures="0" timestamp="13 Dec 2019 07:48:12 GMT" skipped="0" hostname="QAPLANET-PC" errors="0">
  <testcase name="TC2_10" time="14.581" classname="HRM.dummyTest"/>
</testsuite> <!-- HRM.dummyTest -->
